0 info it worked if it ends with ok
1 verbose cli [ '/Users/Administrator/.nvm/versions/node/v7.7.3/bin/node',
1 verbose cli   '/Users/Administrator/.nvm/versions/node/v7.7.3/bin/npm',
1 verbose cli   'run',
1 verbose cli   'build' ]
2 info using npm@4.1.2
3 info using node@v7.7.3
4 verbose run-script [ 'prebuild', 'build', 'postbuild' ]
5 info lifecycle olympus-protocol@1.0.0~prebuild: olympus-protocol@1.0.0
6 silly lifecycle olympus-protocol@1.0.0~prebuild: no script for prebuild, continuing
7 info lifecycle olympus-protocol@1.0.0~build: olympus-protocol@1.0.0
8 verbose lifecycle olympus-protocol@1.0.0~build: unsafe-perm in lifecycle true
9 verbose lifecycle olympus-protocol@1.0.0~build: PATH: /Users/Administrator/.nvm/versions/node/v7.7.3/lib/node_modules/npm/bin/node-gyp-bin:/Users/Administrator/Projects/protocol-architecture/node_modules/.bin:/Users/Administrator/.nvm/versions/node/v7.7.3/bin:/usr/local/opt/node@6/bin:/usr/local/sbin:/usr/local/bin:/usr/local/bin:/usr/local/bin:/usr/bin:/bin:/usr/sbin:/sbin:/Users/Administrator/Library/Android/sdk/platform-tools:/Users/Administrator/Library/Android/sdk/tools:/opt/X11/bin
10 verbose lifecycle olympus-protocol@1.0.0~build: CWD: /Users/Administrator/Projects/protocol-architecture
11 silly lifecycle olympus-protocol@1.0.0~build: Args: [ '-c', 'truffle compile' ]
12 silly lifecycle olympus-protocol@1.0.0~build: Returned: code: 1  signal: null
13 info lifecycle olympus-protocol@1.0.0~build: Failed to exec build script
14 verbose stack Error: olympus-protocol@1.0.0 build: `truffle compile`
14 verbose stack Exit status 1
14 verbose stack     at EventEmitter.<anonymous> (/Users/Administrator/.nvm/versions/node/v7.7.3/lib/node_modules/npm/lib/utils/lifecycle.js:279:16)
14 verbose stack     at emitTwo (events.js:106:13)
14 verbose stack     at EventEmitter.emit (events.js:194:7)
14 verbose stack     at ChildProcess.<anonymous> (/Users/Administrator/.nvm/versions/node/v7.7.3/lib/node_modules/npm/lib/utils/spawn.js:40:14)
14 verbose stack     at emitTwo (events.js:106:13)
14 verbose stack     at ChildProcess.emit (events.js:194:7)
14 verbose stack     at maybeClose (internal/child_process.js:899:16)
14 verbose stack     at Process.ChildProcess._handle.onexit (internal/child_process.js:226:5)
15 verbose pkgid olympus-protocol@1.0.0
16 verbose cwd /Users/Administrator/Projects/protocol-architecture
17 error Darwin 17.5.0
18 error argv "/Users/Administrator/.nvm/versions/node/v7.7.3/bin/node" "/Users/Administrator/.nvm/versions/node/v7.7.3/bin/npm" "run" "build"
19 error node v7.7.3
20 error npm  v4.1.2
21 error code ELIFECYCLE
22 error olympus-protocol@1.0.0 build: `truffle compile`
22 error Exit status 1
23 error Failed at the olympus-protocol@1.0.0 build script 'truffle compile'.
23 error Make sure you have the latest version of node.js and npm installed.
23 error If you do, this is most likely a problem with the olympus-protocol package,
23 error not with npm itself.
23 error Tell the author that this fails on your system:
23 error     truffle compile
23 error You can get information on how to open an issue for this project with:
23 error     npm bugs olympus-protocol
23 error Or if that isn't available, you can get their info via:
23 error     npm owner ls olympus-protocol
23 error There is likely additional logging output above.
24 verbose exit [ 1, true ]
